[01Feb2025 00:00:01.159] [Server thread/INFO] [net.minecraft.server.MinecraftServer/]: [Not Secure] <Indisciplinado> nd
[01Feb2025 00:01:20.270] [Server thread/WARN] [net.minecraft.server.level.ServerPlayerGameMode/]: Mismatch in destroy block pos: BlockPos{x=849, y=88, z=743} BlockPos{x=848, y=88, z=742}
[01Feb2025 00:06:44.351] [Server thread/INFO] [net.minecraft.server.players.PlayerList/]: wakkeywakey[/127.137.194.163:56543] logged in with entity id 9174 at (753.1995892547868, 81.0, 597.5738501064081)
[01Feb2025 00:06:44.358] [Server thread/INFO] [net.minecraft.server.MinecraftServer/]: wakkeywakey joined the game
[01Feb2025 00:06:44.385] [Server thread/INFO] [Jade/]: Syncing config to wakkeywakey (784f8b68-d963-3f6d-884e-39520ba9efc5)
[01Feb2025 00:11:36.500] [Server thread/INFO] [net.minecraft.server.MinecraftServer/]: [Not Secure] <natsukuunnnn> zz?
[01Feb2025 00:11:51.264] [Server thread/INFO] [net.minecraft.server.MinecraftServer/]: [Not Secure] <Indisciplinado> so
[01Feb2025 00:25:42.895] [Server thread/INFO] [net.minecraft.world.entity.npc.Villager/]: Villager Villager['Nitwit'/326, l='ServerLevel[world]', x=650.42, y=80.00, z=884.75] died, message: 'Nitwit was slain by Zombie'
[01Feb2025 00:28:18.451] [Server thread/INFO] [net.minecraft.server.MinecraftServer/]: natsukuunnnn fell from a high place
[01Feb2025 00:28:27.106] [Server thread/INFO] [net.minecraft.server.MinecraftServer/]: [Not Secure] <natsukuunnnn> dios
[01Feb2025 00:34:54.903] [Server thread/WARN] [net.minecraft.server.MinecraftServer/]: Can't keep up! Is the server overloaded? Running 2026ms or 40 ticks behind
[01Feb2025 00:35:14.666] [Server thread/WARN] [net.minecraft.server.MinecraftServer/]: Can't keep up! Is the server overloaded? Running 4789ms or 95 ticks behind
[01Feb2025 00:35:33.560] [Server thread/WARN] [net.minecraft.server.MinecraftServer/]: Can't keep up! Is the server overloaded? Running 3933ms or 78 ticks behind
[01Feb2025 00:35:53.220] [Server thread/WARN] [net.minecraft.server.MinecraftServer/]: Can't keep up! Is the server overloaded? Running 4693ms or 93 ticks behind
[01Feb2025 00:36:11.906] [Server thread/WARN] [net.minecraft.server.MinecraftServer/]: Can't keep up! Is the server overloaded? Running 3729ms or 74 ticks behind
[01Feb2025 00:36:31.152] [Server thread/WARN] [net.minecraft.server.MinecraftServer/]: Can't keep up! Is the server overloaded? Running 4275ms or 85 ticks behind
[01Feb2025 00:37:34.427] [Server thread/INFO] [net.minecraft.server.network.ServerGamePacketListenerImpl/]: wakkeywakey lost connection: Disconnected
[01Feb2025 00:37:34.427] [Server thread/INFO] [net.minecraft.server.MinecraftServer/]: wakkeywakey left the game
[01Feb2025 00:40:45.569] [Server thread/INFO] [net.minecraft.server.MinecraftServer/]: [Not Secure] <Indisciplinado> mortiste ?
[01Feb2025 00:40:56.168] [Server thread/INFO] [net.minecraft.server.MinecraftServer/]: [Not Secure] <Indisciplinado> jjajdjajd
[01Feb2025 00:41:04.554] [Server thread/INFO] [net.minecraft.server.MinecraftServer/]: [Not Secure] <natsukuunnnn> si hace un rato JAJAJA
[01Feb2025 00:41:06.424] [Server thread/INFO] [net.minecraft.server.MinecraftServer/]: [Not Secure] <natsukuunnnn> me cai
[01Feb2025 00:52:11.047] [Server thread/INFO] [net.minecraft.server.MinecraftServer/]: [Not Secure] <natsukuunnnn> k me diste
[01Feb2025 00:52:15.137] [Server thread/INFO] [net.minecraft.server.MinecraftServer/]: [Not Secure] <Indisciplinado> un tomate
[01Feb2025 00:52:38.724] [Server thread/INFO] [net.minecraft.server.MinecraftServer/]: [Not Secure] <Indisciplinado> a donde vamos
[01Feb2025 00:52:42.048] [Server thread/INFO] [net.minecraft.server.MinecraftServer/]: [Not Secure] <Indisciplinado> o ya saldras ?
[01Feb2025 00:52:44.421] [Server thread/INFO] [net.minecraft.server.MinecraftServer/]: [Not Secure] <natsukuunnnn> a pasear
[01Feb2025 00:53:10.836] [Server thread/INFO] [net.minecraft.server.MinecraftServer/]: [Not Secure] <natsukuunnnn> mira aqui pondre a mis animales
[01Feb2025 00:53:17.223] [Server thread/INFO] [net.minecraft.server.MinecraftServer/]: [Not Secure] <Indisciplinado> si ya vi que hay muchos
[01Feb2025 00:53:35.025] [Server thread/INFO] [net.minecraft.server.MinecraftServer/]: [Not Secure] <natsukuunnnn> fui a minar y me rompi las piernas
[01Feb2025 00:53:39.385] [Server thread/INFO] [net.minecraft.server.MinecraftServer/]: [Not Secure] <Indisciplinado> espera
[01Feb2025 00:53:41.786] [Server thread/INFO] [net.minecraft.server.MinecraftServer/]: [Not Secure] <natsukuunnnn> k
[01Feb2025 00:55:24.683] [Server thread/INFO] [net.minecraft.server.MinecraftServer/]: natsukuunnnn has made the advancement [The Parrots and the Bats]
[01Feb2025 00:55:42.803] [Server thread/INFO] [net.minecraft.server.MinecraftServer/]: [Not Secure] <natsukuunnnn> awwwwsss
[01Feb2025 00:59:02.557] [Server thread/INFO] [net.minecraft.server.MinecraftServer/]: [Not Secure] <natsukuunnnn> a
[01Feb2025 01:00:49.893] [Server thread/INFO] [net.minecraft.server.MinecraftServer/]: [Not Secure] <Indisciplinado> espermae mi jefa me llamo tmr
[01Feb2025 01:01:05.321] [Server thread/INFO] [net.minecraft.server.MinecraftServer/]: [Not Secure] <natsukuunnnn> te exploto un creeper
[01Feb2025 01:01:09.493] [Server thread/INFO] [net.minecraft.server.MinecraftServer/]: [Not Secure] <Indisciplinado> si escuche
[01Feb2025 01:01:11.499] [Server thread/INFO] [net.minecraft.server.MinecraftServer/]: [Not Secure] <Indisciplinado> no logre
[01Feb2025 01:01:23.687] [Server thread/INFO] [net.minecraft.server.MinecraftServer/]: [Not Secure] <natsukuunnnn> JAJAAJA
[01Feb2025 01:01:29.667] [Server thread/INFO] [net.minecraft.server.MinecraftServer/]: [Not Secure] <Indisciplinado> discord ?
[01Feb2025 01:01:32.910] [Server thread/INFO] [net.minecraft.server.MinecraftServer/]: [Not Secure] <natsukuunnnn> si estoy
[01Feb2025 01:15:28.753] [Worker-Main-1/ERROR] [net.minecraft.world.entity.decoration.HangingEntity/]: Hanging entity at invalid position: BlockPos{x=-371, y=27, z=-561}
[01Feb2025 01:15:28.755] [Worker-Main-1/ERROR] [net.minecraft.world.entity.decoration.HangingEntity/]: Hanging entity at invalid position: BlockPos{x=-372, y=27, z=-561}
[01Feb2025 01:15:28.755] [Worker-Main-1/ERROR] [net.minecraft.world.entity.decoration.HangingEntity/]: Hanging entity at invalid position: BlockPos{x=-373, y=27, z=-561}
[01Feb2025 01:15:30.569] [Worker-Main-71/ERROR] [net.minecraft.world.entity.decoration.HangingEntity/]: Hanging entity at invalid position: BlockPos{x=-284, y=26, z=-592}
[01Feb2025 01:15:30.570] [Worker-Main-71/ERROR] [net.minecraft.world.entity.decoration.HangingEntity/]: Hanging entity at invalid position: BlockPos{x=-284, y=27, z=-592}
[01Feb2025 01:15:30.570] [Worker-Main-71/ERROR] [net.minecraft.world.entity.decoration.HangingEntity/]: Hanging entity at invalid position: BlockPos{x=-275, y=27, z=-591}
[01Feb2025 01:15:30.570] [Worker-Main-71/ERROR] [net.minecraft.world.entity.decoration.HangingEntity/]: Hanging entity at invalid position: BlockPos{x=-282, y=35, z=-587}
[01Feb2025 01:15:33.404] [Worker-Main-41/ERROR] [net.minecraft.world.entity.decoration.HangingEntity/]: Hanging entity at invalid position: BlockPos{x=-191, y=28, z=-589}
[01Feb2025 01:15:33.405] [Worker-Main-41/ERROR] [net.minecraft.world.entity.decoration.HangingEntity/]: Hanging entity at invalid position: BlockPos{x=-191, y=28, z=-587}
[01Feb2025 01:22:39.059] [Server thread/INFO] [net.minecraft.server.MinecraftServer/]: Indisciplinado has completed the challenge [It Spreads]
[01Feb2025 01:24:31.471] [Server thread/INFO] [net.minecraft.server.MinecraftServer/]: Indisciplinado has made the advancement [Sculk Cymbal]
[01Feb2025 01:25:04.769] [Server thread/INFO] [net.minecraft.server.MinecraftServer/]: Indisciplinado has made the advancement [Sneak 100]
[01Feb2025 01:31:25.061] [Server thread/WARN] [net.minecraft.server.level.ServerPlayerGameMode/]: Mismatch in destroy block pos: BlockPos{x=1553, y=137, z=1495} BlockPos{x=1553, y=136, z=1496}
[01Feb2025 01:32:30.190] [Worker-Main-41/ERROR] [net.minecraft.world.entity.decoration.HangingEntity/]: Hanging entity at invalid position: BlockPos{x=-284, y=26, z=-592}
[01Feb2025 01:32:30.190] [Worker-Main-41/ERROR] [net.minecraft.world.entity.decoration.HangingEntity/]: Hanging entity at invalid position: BlockPos{x=-284, y=27, z=-592}
[01Feb2025 01:32:30.191] [Worker-Main-41/ERROR] [net.minecraft.world.entity.decoration.HangingEntity/]: Hanging entity at invalid position: BlockPos{x=-282, y=35, z=-587}
[01Feb2025 01:32:30.200] [Worker-Main-41/ERROR] [net.minecraft.world.entity.decoration.HangingEntity/]: Hanging entity at invalid position: BlockPos{x=-275, y=27, z=-591}
[01Feb2025 01:33:01.442] [Server thread/WARN] [net.minecraft.server.level.ServerPlayerGameMode/]: Mismatch in destroy block pos: BlockPos{x=1322, y=52, z=1350} BlockPos{x=1322, y=51, z=1350}
[01Feb2025 01:33:05.195] [Server thread/WARN] [net.minecraft.server.level.ServerPlayerGameMode/]: Mismatch in destroy block pos: BlockPos{x=1313, y=51, z=1360} BlockPos{x=1313, y=50, z=1360}
[01Feb2025 01:41:44.245] [Server thread/INFO] [net.minecraft.world.entity.npc.Villager/]: Villager Villager['Unemployed'/42624, l='ServerLevel[world]', x=1036.58, y=91.00, z=1000.52] died, message: 'Unemployed suffocated in a wall'
[01Feb2025 01:46:01.281] [Server thread/INFO] [net.minecraft.server.MinecraftServer/]: Indisciplinado has made the advancement [The Parrots and the Bats]
[01Feb2025 01:55:39.400] [Server thread/INFO] [net.minecraft.server.MinecraftServer/]: Indisciplinado drowned
[01Feb2025 01:55:57.138] [Server thread/INFO] [net.minecraft.server.network.ServerGamePacketListenerImpl/]: natsukuunnnn lost connection: Disconnected
[01Feb2025 01:55:57.139] [Server thread/INFO] [net.minecraft.server.MinecraftServer/]: natsukuunnnn left the game
[01Feb2025 01:57:20.696] [Server thread/INFO] [net.minecraft.server.MinecraftServer/]: Unknown or incomplete command, see below for error
[01Feb2025 01:57:20.699] [Server thread/INFO] [net.minecraft.server.MinecraftServer/]: save<--[HERE]
[01Feb2025 01:57:23.584] [Server thread/INFO] [net.minecraft.server.network.ServerGamePacketListenerImpl/]: Indisciplinado lost connection: Disconnected
[01Feb2025 01:57:23.585] [Server thread/INFO] [net.minecraft.server.MinecraftServer/]: Indisciplinado left the game
[01Feb2025 01:58:53.736] [Server thread/INFO] [net.minecraft.server.players.PlayerList/]: wakkeywakey[/127.137.194.163:37273] logged in with entity id 47572 at (1060.6671929809763, -52.0, 74.30000001192093)
[01Feb2025 01:58:53.742] [Server thread/INFO] [net.minecraft.server.MinecraftServer/]: wakkeywakey joined the game
[01Feb2025 01:58:53.751] [Server thread/INFO] [Jade/]: Syncing config to wakkeywakey (784f8b68-d963-3f6d-884e-39520ba9efc5)
