[15:57:32] [modloading-worker-0/INFO] ========================================
[15:57:32] [modloading-worker-0/INFO] Minecraft: 1.20.1
[15:57:32] [modloading-worker-0/INFO] Side: server
[15:57:32] [modloading-worker-0/INFO] Development: false
[15:57:32] [modloading-worker-0/INFO] Version: 12.1.780
[15:57:32] [modloading-worker-0/INFO] Loader:
[15:57:32] [modloading-worker-0/INFO] - Forge: 47.3.7
[15:57:32] [modloading-worker-0/INFO] Dependencies:
[15:57:32] [modloading-worker-0/INFO] - Cloth Config: 11.1.136
[15:57:32] [modloading-worker-0/INFO] - Architectury: 9.2.14
[15:57:32] [modloading-worker-0/INFO] Mixin: 0.8.5
[15:57:32] [modloading-worker-0/INFO] OS: Linux 6.5.0-1025-azure (amd64)
[15:57:32] [modloading-worker-0/INFO] Java: 17.0.13 (Ubuntu)
[15:57:32] [modloading-worker-0/INFO] ========================================
[15:57:32] [modloading-worker-0/INFO] Mods:
[15:57:32] [modloading-worker-0/INFO] - alexsmobs: 1.22.9
[15:57:32] [modloading-worker-0/INFO] - architectury: 9.2.14
[15:57:32] [modloading-worker-0/INFO] - bettervillage: 3.2.0
[15:57:32] [modloading-worker-0/INFO] - carryon: 2.1.2.7
[15:57:32] [modloading-worker-0/INFO] - cataclysm: 2.43
[15:57:32] [modloading-worker-0/INFO] - citadel: 2.6.0
[15:57:32] [modloading-worker-0/INFO] - cloth_config: 11.1.136
[15:57:32] [modloading-worker-0/INFO] - collective: 7.84
[15:57:32] [modloading-worker-0/INFO] - corpse: 1.20.1-1.0.15
[15:57:32] [modloading-worker-0/INFO] - creeperoverhaul: 3.0.2
[15:57:32] [modloading-worker-0/INFO] - curios: 5.10.0+1.20.1
[15:57:32] [modloading-worker-0/INFO] - dungeons_arise: 2.1.58-1.20.x
[15:57:32] [modloading-worker-0/INFO] - dynamiclights: 1.20.1.2
[15:57:32] [modloading-worker-0/INFO] - endermanoverhaul: 1.0.4
[15:57:32] [modloading-worker-0/INFO] - fallingtree: 4.3.4
[15:57:32] [modloading-worker-0/INFO] - farmersdelight: 1.20.1-1.2.6
[15:57:32] [modloading-worker-0/INFO] - forge: 47.3.7
[15:57:32] [modloading-worker-0/INFO] - geckolib: 4.4.9
[15:57:32] [modloading-worker-0/INFO] - immersive_armors: 1.6.1+1.20.1
[15:57:32] [modloading-worker-0/INFO] - inventoryhud: 3.4.26
[15:57:32] [modloading-worker-0/INFO] - jade: 11.12.1+forge
[15:57:32] [modloading-worker-0/INFO] - libraryferret: 4.0.0
[15:57:32] [modloading-worker-0/INFO] - lionfishapi: 2.4-Fix
[15:57:32] [modloading-worker-0/INFO] - mcwbridges: 3.0.0
[15:57:32] [modloading-worker-0/INFO] - minecraft: 1.20.1
[15:57:32] [modloading-worker-0/INFO] - mixinextras: 0.2.0-beta.6
[15:57:32] [modloading-worker-0/INFO] - resourcefulconfig: 2.1.2
[15:57:32] [modloading-worker-0/INFO] - resourcefullib: 2.1.20
[15:57:32] [modloading-worker-0/INFO] - ribbits: 1.20.1-Forge-3.0.2
[15:57:32] [modloading-worker-0/INFO] - roughlyenoughitems: 12.1.780
[15:57:32] [modloading-worker-0/INFO] - securitycraft: 1.9.11
[15:57:32] [modloading-worker-0/INFO] - sophisticatedbackpacks: 3.22.5.1179
[15:57:32] [modloading-worker-0/INFO] - sophisticatedcore: 1.1.5.841
[15:57:32] [modloading-worker-0/INFO] - terralith: 2.5.4
[15:57:32] [modloading-worker-0/INFO] - tlskincape: 1.32
[15:57:32] [modloading-worker-0/INFO] - torchmaster: 20.1.7
[15:57:32] [modloading-worker-0/INFO] - vanillaplustools: 1.20-1.0
[15:57:32] [modloading-worker-0/INFO] - xaerominimap: 24.5.0
[15:57:32] [modloading-worker-0/INFO] - yungsapi: 1.20-Forge-4.0.6
[15:57:32] [modloading-worker-0/INFO] ========================================
[15:57:33] [modloading-worker-0/INFO] [REI] Registered plugin provider DefaultPluginImpl [roughlyenoughitems] for REIServerPlugin
[15:57:33] [modloading-worker-0/INFO] [REI] Registered plugin provider DefaultPluginImpl [roughlyenoughitems] for REIPlugin
[15:57:33] [modloading-worker-0/INFO] [REI] Registered plugin provider DefaultRuntimePlugin [roughlyenoughitems] for REIServerPlugin
[15:57:33] [modloading-worker-0/INFO] [REI] Registered plugin provider DefaultRuntimePlugin [roughlyenoughitems] for REIPlugin
[15:57:44] [Worker-Main-2/DEBUG] [REI] Processed 0 tags in 32.51 μs for minecraft:worldgen/structure_set
[15:57:44] [Worker-Main-3/DEBUG] [REI] Processed 1 tags in 1.826 ms for minecraft:painting_variant
[15:57:44] [Worker-Main-1/DEBUG] [REI] Processed 5 tags in 3.460 ms for minecraft:game_event
[15:57:44] [Worker-Main-2/DEBUG] [REI] Processed 3 tags in 23.43 μs for minecraft:instrument
[15:57:44] [Worker-Main-3/DEBUG] [REI] Processed 0 tags in 4.729 μs for minecraft:worldgen/world_preset
[15:57:44] [Worker-Main-2/DEBUG] [REI] Processed 0 tags in 14.16 μs for minecraft:damage_type
[15:57:44] [Worker-Main-1/DEBUG] [REI] Processed 0 tags in 26.41 μs for minecraft:worldgen/structure
[15:57:44] [Worker-Main-1/DEBUG] [REI] Processed 0 tags in 7.073 μs for minecraft:worldgen/flat_level_generator_preset
[15:57:44] [Worker-Main-1/DEBUG] [REI] Processed 3 tags in 128.3 μs for minecraft:point_of_interest_type
[15:57:44] [Worker-Main-1/DEBUG] [REI] Processed 1 tags in 44.25 μs for minecraft:mob_effect
[15:57:44] [Worker-Main-3/DEBUG] [REI] Processed 0 tags in 499.1 μs for minecraft:worldgen/biome
[15:57:44] [Worker-Main-1/DEBUG] [REI] Processed 12 tags in 116.7 μs for minecraft:banner_pattern
[15:57:44] [Worker-Main-3/DEBUG] [REI] Processed 4 tags in 150.1 μs for minecraft:fluid
[15:57:44] [Worker-Main-1/DEBUG] [REI] Processed 77 tags in 522.3 μs for minecraft:entity_type
[15:57:44] [Worker-Main-1/DEBUG] [REI] Processed 2 tags in 32.54 μs for minecraft:cat_variant
[15:57:44] [Worker-Main-2/DEBUG] [REI] Processed 453 tags in 5.464 ms for minecraft:block
[15:57:44] [Worker-Main-3/DEBUG] [REI] Processed 549 tags in 2.695 ms for minecraft:item
[15:57:45] [main/DEBUG] [REI] Starting Reload Plugins of stage null
java.lang.Throwable
	at TRANSFORMER/roughlyenoughitems@12.1.780/me.shedaniel.rei.impl.common.plugins.ReloadManagerImpl.reloadPlugins(ReloadManagerImpl.java:110)
	at TRANSFORMER/roughlyenoughitems@12.1.780/me.shedaniel.rei.RoughlyEnoughItemsCore.lambda$onInitialize$5(RoughlyEnoughItemsCore.java:163)
	at java.base/java.util.concurrent.CompletableFuture$UniRun.tryFire(CompletableFuture.java:787)
	at java.base/java.util.concurrent.CompletableFuture$Completion.run(CompletableFuture.java:482)
	at TRANSFORMER/minecraft@1.20.1/net.minecraft.server.packs.resources.SimpleReloadInstance.m_143940_(SimpleReloadInstance.java:69)
	at TRANSFORMER/minecraft@1.20.1/net.minecraft.Util.m_214652_(Util.java:783)
	at TRANSFORMER/minecraft@1.20.1/net.minecraft.Util.m_214679_(Util.java:772)
	at TRANSFORMER/minecraft@1.20.1/net.minecraft.server.Main.main(Main.java:166)
	at java.base/jdk.internal.reflect.NativeMethodAccessorImpl.invoke0(Native Method)
	at java.base/jdk.internal.reflect.NativeMethodAccessorImpl.invoke(NativeMethodAccessorImpl.java:77)
	at java.base/jdk.internal.reflect.DelegatingMethodAccessorImpl.invoke(DelegatingMethodAccessorImpl.java:43)
	at java.base/java.lang.reflect.Method.invoke(Method.java:569)
	at MC-BOOTSTRAP/fmlloader@1.20.1-47.3.7/net.minecraftforge.fml.loading.targets.CommonLaunchHandler.runTarget(CommonLaunchHandler.java:111)
	at MC-BOOTSTRAP/fmlloader@1.20.1-47.3.7/net.minecraftforge.fml.loading.targets.CommonLaunchHandler.serverService(CommonLaunchHandler.java:103)
	at MC-BOOTSTRAP/fmlloader@1.20.1-47.3.7/net.minecraftforge.fml.loading.targets.CommonServerLaunchHandler.lambda$makeService$0(CommonServerLaunchHandler.java:27)
	at MC-BOOTSTRAP/cpw.mods.modlauncher@10.0.9/cpw.mods.modlauncher.LaunchServiceHandlerDecorator.launch(LaunchServiceHandlerDecorator.java:30)
	at MC-BOOTSTRAP/cpw.mods.modlauncher@10.0.9/cpw.mods.modlauncher.LaunchServiceHandler.launch(LaunchServiceHandler.java:53)
	at MC-BOOTSTRAP/cpw.mods.modlauncher@10.0.9/cpw.mods.modlauncher.LaunchServiceHandler.launch(LaunchServiceHandler.java:71)
	at MC-BOOTSTRAP/cpw.mods.modlauncher@10.0.9/cpw.mods.modlauncher.Launcher.run(Launcher.java:108)
	at MC-BOOTSTRAP/cpw.mods.modlauncher@10.0.9/cpw.mods.modlauncher.Launcher.main(Launcher.java:78)
	at MC-BOOTSTRAP/cpw.mods.modlauncher@10.0.9/cpw.mods.modlauncher.BootstrapLaunchConsumer.accept(BootstrapLaunchConsumer.java:26)
	at MC-BOOTSTRAP/cpw.mods.modlauncher@10.0.9/cpw.mods.modlauncher.BootstrapLaunchConsumer.accept(BootstrapLaunchConsumer.java:23)
	at cpw.mods.bootstraplauncher@1.1.2/cpw.mods.bootstraplauncher.BootstrapLauncher.main(BootstrapLauncher.java:141)
[15:57:45] [main/DEBUG] [REI] ========================================
[15:57:45] [main/DEBUG] [REI] REIPlugin starting pre-reload for START.
[15:57:45] [main/DEBUG] [REI] Reloadables (7):
[15:57:45] [main/DEBUG] [REI]  - EntryTypeRegistryImpl
[15:57:45] [main/DEBUG] [REI]  - EntrySettingsAdapterRegistryImpl
[15:57:45] [main/DEBUG] [REI]  - RecipeManagerContextImpl
[15:57:45] [main/DEBUG] [REI]  - ItemComparatorRegistryImpl
[15:57:45] [main/DEBUG] [REI]  - FluidComparatorRegistryImpl
[15:57:45] [main/DEBUG] [REI]  - DisplaySerializerRegistryImpl
[15:57:45] [main/DEBUG] [REI]  - FluidSupportProviderImpl
[15:57:45] [main/DEBUG] [REI] Plugins (2):
[15:57:45] [main/DEBUG] [REI]  - (-100.00) DefaultPluginImpl of DefaultPluginImpl [roughlyenoughitems]
[15:57:45] [main/DEBUG] [REI]  - (0.00) DefaultRuntimePlugin of DefaultRuntimePlugin [roughlyenoughitems]
[15:57:45] [main/DEBUG] [REI] ========================================
[15:57:45] [main/TRACE] [REI] [REIPlugin START] Reloading Section: "pre-register/"
[15:57:45] [main/TRACE] [REI] [REIPlugin START] Reloading Section: "pre-register/DefaultPluginImpl of DefaultPluginImpl [roughlyenoughitems]/"
[15:57:45] [main/TRACE] [REI] [REIPlugin START] Reloading Section: "pre-register/DefaultPluginImpl of DefaultPluginImpl [roughlyenoughitems]/" done in 3.075 ms
[15:57:45] [main/TRACE] [REI] [REIPlugin START] Reloading Section: "pre-register/DefaultRuntimePlugin of DefaultRuntimePlugin [roughlyenoughitems]/"
[15:57:45] [main/TRACE] [REI] [REIPlugin START] Reloading Section: "pre-register/DefaultRuntimePlugin of DefaultRuntimePlugin [roughlyenoughitems]/" done in 121.5 μs
[15:57:45] [main/TRACE] [REI] [REIPlugin START] Reloading Section: "pre-register/" done in 22.51 ms
[15:57:45] [main/TRACE] [REI] [REIPlugin START] Reloading Section: "pre-stage/"
[15:57:45] [main/TRACE] [REI] [REIPlugin START] Reloading Section: "pre-stage/EntryTypeRegistryImpl/"
[15:57:45] [main/TRACE] [REI] [REIPlugin START] Reloading Section: "pre-stage/EntryTypeRegistryImpl/" done in 424.9 μs
[15:57:45] [main/TRACE] [REI] [REIPlugin START] Reloading Section: "pre-stage/EntrySettingsAdapterRegistryImpl/"
[15:57:45] [main/TRACE] [REI] [REIPlugin START] Reloading Section: "pre-stage/EntrySettingsAdapterRegistryImpl/" done in 79.34 μs
[15:57:45] [main/TRACE] [REI] [REIPlugin START] Reloading Section: "pre-stage/RecipeManagerContextImpl/"
[15:57:45] [main/TRACE] [REI] [REIPlugin START] Reloading Section: "pre-stage/RecipeManagerContextImpl/" done in 68.24 μs
[15:57:45] [main/TRACE] [REI] [REIPlugin START] Reloading Section: "pre-stage/ItemComparatorRegistryImpl/"
[15:57:45] [main/TRACE] [REI] [REIPlugin START] Reloading Section: "pre-stage/ItemComparatorRegistryImpl/" done in 69.84 μs
[15:57:45] [main/TRACE] [REI] [REIPlugin START] Reloading Section: "pre-stage/FluidComparatorRegistryImpl/"
[15:57:45] [main/TRACE] [REI] [REIPlugin START] Reloading Section: "pre-stage/FluidComparatorRegistryImpl/" done in 136.1 μs
[15:57:45] [main/TRACE] [REI] [REIPlugin START] Reloading Section: "pre-stage/DisplaySerializerRegistryImpl/"
[15:57:45] [main/TRACE] [REI] [REIPlugin START] Reloading Section: "pre-stage/DisplaySerializerRegistryImpl/" done in 59.79 μs
[15:57:45] [main/TRACE] [REI] [REIPlugin START] Reloading Section: "pre-stage/FluidSupportProviderImpl/"
[15:57:45] [main/TRACE] [REI] [REIPlugin START] Reloading Section: "pre-stage/FluidSupportProviderImpl/" done in 57.60 μs
[15:57:45] [main/TRACE] [REI] [REIPlugin START] Reloading Section: "pre-stage/" done in 2.411 ms
[15:57:45] [main/DEBUG] [REI] ========================================
[15:57:45] [main/DEBUG] [REI] REIPlugin finished pre-reload for START in 25.69 ms.
[15:57:45] [main/DEBUG] [REI] ========================================
[15:57:45] [main/DEBUG] [REI] ========================================
[15:57:45] [main/DEBUG] [REI] REIServerPlugin starting pre-reload for START.
[15:57:45] [main/DEBUG] [REI] Reloadables (2):
[15:57:45] [main/DEBUG] [REI]  - MenuInfoRegistryImpl
[15:57:45] [main/DEBUG] [REI]  - SlotAccessorRegistryImpl
[15:57:45] [main/DEBUG] [REI] Plugins (2):
[15:57:45] [main/DEBUG] [REI]  - (-100.00) DefaultPluginImpl of DefaultPluginImpl [roughlyenoughitems]
[15:57:45] [main/DEBUG] [REI]  - (0.00) DefaultRuntimePlugin of DefaultRuntimePlugin [roughlyenoughitems]
[15:57:45] [main/DEBUG] [REI] ========================================
[15:57:45] [main/TRACE] [REI] [REIServerPlugin START] Reloading Section: "pre-register/"
[15:57:45] [main/TRACE] [REI] [REIServerPlugin START] Reloading Section: "pre-register/DefaultPluginImpl of DefaultPluginImpl [roughlyenoughitems]/"
[15:57:45] [main/TRACE] [REI] [REIServerPlugin START] Reloading Section: "pre-register/DefaultPluginImpl of DefaultPluginImpl [roughlyenoughitems]/" done in 75.99 μs
[15:57:45] [main/TRACE] [REI] [REIServerPlugin START] Reloading Section: "pre-register/DefaultRuntimePlugin of DefaultRuntimePlugin [roughlyenoughitems]/"
[15:57:45] [main/TRACE] [REI] [REIServerPlugin START] Reloading Section: "pre-register/DefaultRuntimePlugin of DefaultRuntimePlugin [roughlyenoughitems]/" done in 59.40 μs
[15:57:45] [main/TRACE] [REI] [REIServerPlugin START] Reloading Section: "pre-register/" done in 5.202 ms
[15:57:45] [main/TRACE] [REI] [REIServerPlugin START] Reloading Section: "pre-stage/"
[15:57:45] [main/TRACE] [REI] [REIServerPlugin START] Reloading Section: "pre-stage/MenuInfoRegistryImpl/"
[15:57:45] [main/TRACE] [REI] [REIServerPlugin START] Reloading Section: "pre-stage/MenuInfoRegistryImpl/" done in 76.51 μs
[15:57:45] [main/TRACE] [REI] [REIServerPlugin START] Reloading Section: "pre-stage/SlotAccessorRegistryImpl/"
[15:57:45] [main/TRACE] [REI] [REIServerPlugin START] Reloading Section: "pre-stage/SlotAccessorRegistryImpl/" done in 72.54 μs
[15:57:45] [main/TRACE] [REI] [REIServerPlugin START] Reloading Section: "pre-stage/" done in 678.4 μs
[15:57:45] [main/DEBUG] [REI] ========================================
[15:57:45] [main/DEBUG] [REI] REIServerPlugin finished pre-reload for START in 6.251 ms.
[15:57:45] [main/DEBUG] [REI] ========================================
[15:57:45] [main/INFO] [REI] ****************************************
[15:57:45] [main/INFO] [REI] REIPlugin starting main-reload for START.
[15:57:45] [main/DEBUG] [REI] Reloadables (7):
[15:57:45] [main/DEBUG] [REI]  - EntryTypeRegistryImpl
[15:57:45] [main/DEBUG] [REI]  - EntrySettingsAdapterRegistryImpl
[15:57:45] [main/DEBUG] [REI]  - RecipeManagerContextImpl
[15:57:45] [main/DEBUG] [REI]  - ItemComparatorRegistryImpl
[15:57:45] [main/DEBUG] [REI]  - FluidComparatorRegistryImpl
[15:57:45] [main/DEBUG] [REI]  - DisplaySerializerRegistryImpl
[15:57:45] [main/DEBUG] [REI]  - FluidSupportProviderImpl
[15:57:45] [main/INFO] [REI] Plugins (2):
[15:57:45] [main/INFO] [REI]  - (-100.00) DefaultPluginImpl of DefaultPluginImpl [roughlyenoughitems]
[15:57:45] [main/INFO] [REI]  - (0.00) DefaultRuntimePlugin of DefaultRuntimePlugin [roughlyenoughitems]
[15:57:45] [main/INFO] [REI] ****************************************
[15:57:45] [main/TRACE] [REI] [REIPlugin START] Reloading Section: "start-reload/"
[15:57:45] [main/TRACE] [REI] [REIPlugin START] Reloading Section: "start-reload/EntryTypeRegistryImpl/"
[15:57:45] [main/TRACE] [REI] [REIPlugin START] Reloading Section: "start-reload/EntryTypeRegistryImpl/" done in 106.6 μs
[15:57:45] [main/TRACE] [REI] [REIPlugin START] Reloading Section: "start-reload/EntrySettingsAdapterRegistryImpl/"
[15:57:45] [main/TRACE] [REI] [REIPlugin START] Reloading Section: "start-reload/EntrySettingsAdapterRegistryImpl/" done in 76.79 μs
[15:57:45] [main/TRACE] [REI] [REIPlugin START] Reloading Section: "start-reload/RecipeManagerContextImpl/"
[15:57:45] [main/TRACE] [REI] [REIPlugin START] Reloading Section: "start-reload/RecipeManagerContextImpl/" done in 62.60 μs
[15:57:45] [main/TRACE] [REI] [REIPlugin START] Reloading Section: "start-reload/ItemComparatorRegistryImpl/"
[15:57:45] [main/TRACE] [REI] [REIPlugin START] Reloading Section: "start-reload/ItemComparatorRegistryImpl/" done in 88.62 μs
[15:57:45] [main/TRACE] [REI] [REIPlugin START] Reloading Section: "start-reload/FluidComparatorRegistryImpl/"
[15:57:45] [main/TRACE] [REI] [REIPlugin START] Reloading Section: "start-reload/FluidComparatorRegistryImpl/" done in 111.3 μs
[15:57:45] [main/TRACE] [REI] [REIPlugin START] Reloading Section: "start-reload/DisplaySerializerRegistryImpl/"
[15:57:45] [main/TRACE] [REI] [REIPlugin START] Reloading Section: "start-reload/DisplaySerializerRegistryImpl/" done in 76.10 μs
[15:57:45] [main/TRACE] [REI] [REIPlugin START] Reloading Section: "start-reload/FluidSupportProviderImpl/"
[15:57:45] [main/TRACE] [REI] [REIPlugin START] Reloading Section: "start-reload/FluidSupportProviderImpl/" done in 90.34 μs
[15:57:45] [main/TRACE] [REI] [REIPlugin START] Reloading Section: "start-reload/" done in 1.990 ms
[15:57:45] [main/DEBUG] [REI] ========================================
[15:57:45] [main/DEBUG] [REI] REIPlugin started main-reload for START.
[15:57:45] [main/DEBUG] [REI] ========================================
[15:57:45] [main/TRACE] [REI] [REIPlugin START] Reloading Section: "reloadable-plugin/EntryTypeRegistryImpl/"
[15:57:45] [main/TRACE] [REI] [REIPlugin START] Reloading Section: "reloadable-plugin/EntryTypeRegistryImpl/DefaultPluginImpl of DefaultPluginImpl [roughlyenoughitems]/"
[15:57:45] [main/TRACE] [REI] [REIPlugin START] Reloading Section: "reloadable-plugin/EntryTypeRegistryImpl/DefaultPluginImpl of DefaultPluginImpl [roughlyenoughitems]/" done in 352.1 μs
[15:57:45] [main/TRACE] [REI] [REIPlugin START] Reloading Section: "reloadable-plugin/EntryTypeRegistryImpl/DefaultRuntimePlugin of DefaultRuntimePlugin [roughlyenoughitems]/"
[15:57:45] [main/TRACE] [REI] [REIPlugin START] Reloading Section: "reloadable-plugin/EntryTypeRegistryImpl/DefaultRuntimePlugin of DefaultRuntimePlugin [roughlyenoughitems]/" done in 10.47 ms
[15:57:45] [main/TRACE] [REI] [REIPlugin START] Reloading Section: "reloadable-plugin/EntryTypeRegistryImpl/" done in 12.05 ms
[15:57:45] [main/TRACE] [REI] [REIPlugin START] Reloading Section: "reloadable-plugin/EntrySettingsAdapterRegistryImpl/"
[15:57:45] [main/TRACE] [REI] [REIPlugin START] Reloading Section: "reloadable-plugin/EntrySettingsAdapterRegistryImpl/DefaultPluginImpl of DefaultPluginImpl [roughlyenoughitems]/"
[15:57:45] [main/TRACE] [REI] [REIPlugin START] Reloading Section: "reloadable-plugin/EntrySettingsAdapterRegistryImpl/DefaultPluginImpl of DefaultPluginImpl [roughlyenoughitems]/" done in 139.0 μs
[15:57:45] [main/TRACE] [REI] [REIPlugin START] Reloading Section: "reloadable-plugin/EntrySettingsAdapterRegistryImpl/DefaultRuntimePlugin of DefaultRuntimePlugin [roughlyenoughitems]/"
[15:57:45] [main/TRACE] [REI] [REIPlugin START] Reloading Section: "reloadable-plugin/EntrySettingsAdapterRegistryImpl/DefaultRuntimePlugin of DefaultRuntimePlugin [roughlyenoughitems]/" done in 170.1 μs
[15:57:45] [main/TRACE] [REI] [REIPlugin START] Reloading Section: "reloadable-plugin/EntrySettingsAdapterRegistryImpl/" done in 955.7 μs
[15:57:45] [main/TRACE] [REI] [REIPlugin START] Reloading Section: "reloadable-plugin/RecipeManagerContextImpl/"
[15:57:45] [main/TRACE] [REI] [REIPlugin START] Reloading Section: "reloadable-plugin/RecipeManagerContextImpl/DefaultPluginImpl of DefaultPluginImpl [roughlyenoughitems]/"
[15:57:45] [main/TRACE] [REI] [REIPlugin START] Reloading Section: "reloadable-plugin/RecipeManagerContextImpl/DefaultPluginImpl of DefaultPluginImpl [roughlyenoughitems]/" done in 136.3 μs
[15:57:45] [main/TRACE] [REI] [REIPlugin START] Reloading Section: "reloadable-plugin/RecipeManagerContextImpl/DefaultRuntimePlugin of DefaultRuntimePlugin [roughlyenoughitems]/"
[15:57:45] [main/TRACE] [REI] [REIPlugin START] Reloading Section: "reloadable-plugin/RecipeManagerContextImpl/DefaultRuntimePlugin of DefaultRuntimePlugin [roughlyenoughitems]/" done in 138.7 μs
[15:57:45] [main/TRACE] [REI] [REIPlugin START] Reloading Section: "reloadable-plugin/RecipeManagerContextImpl/" done in 876.7 μs
[15:57:45] [main/TRACE] [REI] [REIPlugin START] Reloading Section: "reloadable-plugin/ItemComparatorRegistryImpl/"
[15:57:45] [main/TRACE] [REI] [REIPlugin START] Reloading Section: "reloadable-plugin/ItemComparatorRegistryImpl/DefaultPluginImpl of DefaultPluginImpl [roughlyenoughitems]/"
[15:57:45] [main/TRACE] [REI] [REIPlugin START] Reloading Section: "reloadable-plugin/ItemComparatorRegistryImpl/DefaultPluginImpl of DefaultPluginImpl [roughlyenoughitems]/" done in 1.199 ms
[15:57:45] [main/TRACE] [REI] [REIPlugin START] Reloading Section: "reloadable-plugin/ItemComparatorRegistryImpl/DefaultRuntimePlugin of DefaultRuntimePlugin [roughlyenoughitems]/"
[15:57:45] [main/TRACE] [REI] [REIPlugin START] Reloading Section: "reloadable-plugin/ItemComparatorRegistryImpl/DefaultRuntimePlugin of DefaultRuntimePlugin [roughlyenoughitems]/" done in 144.0 μs
[15:57:45] [main/TRACE] [REI] [REIPlugin START] Reloading Section: "reloadable-plugin/ItemComparatorRegistryImpl/" done in 1.982 ms
[15:57:45] [main/TRACE] [REI] [REIPlugin START] Reloading Section: "reloadable-plugin/FluidComparatorRegistryImpl/"
[15:57:45] [main/TRACE] [REI] [REIPlugin START] Reloading Section: "reloadable-plugin/FluidComparatorRegistryImpl/DefaultPluginImpl of DefaultPluginImpl [roughlyenoughitems]/"
[15:57:45] [main/TRACE] [REI] [REIPlugin START] Reloading Section: "reloadable-plugin/FluidComparatorRegistryImpl/DefaultPluginImpl of DefaultPluginImpl [roughlyenoughitems]/" done in 154.8 μs
[15:57:45] [main/TRACE] [REI] [REIPlugin START] Reloading Section: "reloadable-plugin/FluidComparatorRegistryImpl/DefaultRuntimePlugin of DefaultRuntimePlugin [roughlyenoughitems]/"
[15:57:45] [main/TRACE] [REI] [REIPlugin START] Reloading Section: "reloadable-plugin/FluidComparatorRegistryImpl/DefaultRuntimePlugin of DefaultRuntimePlugin [roughlyenoughitems]/" done in 141.7 μs
[15:57:45] [main/TRACE] [REI] [REIPlugin START] Reloading Section: "reloadable-plugin/FluidComparatorRegistryImpl/" done in 944.7 μs
[15:57:45] [main/TRACE] [REI] [REIPlugin START] Reloading Section: "reloadable-plugin/DisplaySerializerRegistryImpl/"
[15:57:45] [main/TRACE] [REI] [REIPlugin START] Reloading Section: "reloadable-plugin/DisplaySerializerRegistryImpl/DefaultPluginImpl of DefaultPluginImpl [roughlyenoughitems]/"
[15:57:45] [main/TRACE] [REI] [REIPlugin START] Reloading Section: "reloadable-plugin/DisplaySerializerRegistryImpl/DefaultPluginImpl of DefaultPluginImpl [roughlyenoughitems]/" done in 168.1 μs
[15:57:45] [main/TRACE] [REI] [REIPlugin START] Reloading Section: "reloadable-plugin/DisplaySerializerRegistryImpl/DefaultRuntimePlugin of DefaultRuntimePlugin [roughlyenoughitems]/"
[15:57:45] [main/TRACE] [REI] [REIPlugin START] Reloading Section: "reloadable-plugin/DisplaySerializerRegistryImpl/DefaultRuntimePlugin of DefaultRuntimePlugin [roughlyenoughitems]/" done in 370.4 μs
[15:57:45] [main/TRACE] [REI] [REIPlugin START] Reloading Section: "reloadable-plugin/DisplaySerializerRegistryImpl/" done in 1.584 ms
[15:57:45] [main/TRACE] [REI] [REIPlugin START] Reloading Section: "reloadable-plugin/FluidSupportProviderImpl/"
[15:57:45] [main/TRACE] [REI] [REIPlugin START] Reloading Section: "reloadable-plugin/FluidSupportProviderImpl/DefaultPluginImpl of DefaultPluginImpl [roughlyenoughitems]/"
[15:57:45] [main/TRACE] [REI] [REIPlugin START] Reloading Section: "reloadable-plugin/FluidSupportProviderImpl/DefaultPluginImpl of DefaultPluginImpl [roughlyenoughitems]/" done in 1.141 ms
[15:57:45] [main/TRACE] [REI] [REIPlugin START] Reloading Section: "reloadable-plugin/FluidSupportProviderImpl/DefaultRuntimePlugin of DefaultRuntimePlugin [roughlyenoughitems]/"
[15:57:45] [main/TRACE] [REI] [REIPlugin START] Reloading Section: "reloadable-plugin/FluidSupportProviderImpl/DefaultRuntimePlugin of DefaultRuntimePlugin [roughlyenoughitems]/" done in 148.1 μs
[15:57:45] [main/TRACE] [REI] [REIPlugin START] Reloading Section: "reloadable-plugin/FluidSupportProviderImpl/" done in 1.936 ms
[15:57:45] [main/DEBUG] [REI] ========================================
[15:57:45] [main/DEBUG] [REI] REIPlugin ending main-reload for START.
[15:57:45] [main/DEBUG] [REI] ========================================
[15:57:45] [main/TRACE] [REI] [REIPlugin START] Reloading Section: "end-reload/"
[15:57:45] [main/TRACE] [REI] [REIPlugin START] Reloading Section: "end-reload/EntryTypeRegistryImpl/"
[15:57:45] [main/TRACE] [REI] [REIPlugin START] Reloading Section: "end-reload/EntryTypeRegistryImpl/" done in 143.8 μs
[15:57:45] [main/TRACE] [REI] [REIPlugin START] Reloading Section: "end-reload/EntrySettingsAdapterRegistryImpl/"
[15:57:45] [main/TRACE] [REI] [REIPlugin START] Reloading Section: "end-reload/EntrySettingsAdapterRegistryImpl/" done in 131.0 μs
[15:57:45] [main/TRACE] [REI] [REIPlugin START] Reloading Section: "end-reload/RecipeManagerContextImpl/"
[15:57:45] [main/TRACE] [REI] [REIPlugin START] Reloading Section: "end-reload/RecipeManagerContextImpl/" done in 139.6 μs
[15:57:45] [main/TRACE] [REI] [REIPlugin START] Reloading Section: "end-reload/ItemComparatorRegistryImpl/"
[15:57:45] [main/TRACE] [REI] [REIPlugin START] Reloading Section: "end-reload/ItemComparatorRegistryImpl/" done in 126.5 μs
[15:57:45] [main/TRACE] [REI] [REIPlugin START] Reloading Section: "end-reload/FluidComparatorRegistryImpl/"
[15:57:45] [main/TRACE] [REI] [REIPlugin START] Reloading Section: "end-reload/FluidComparatorRegistryImpl/" done in 125.9 μs
[15:57:45] [main/TRACE] [REI] [REIPlugin START] Reloading Section: "end-reload/DisplaySerializerRegistryImpl/"
[15:57:45] [main/TRACE] [REI] [REIPlugin START] Reloading Section: "end-reload/DisplaySerializerRegistryImpl/" done in 138.8 μs
[15:57:45] [main/TRACE] [REI] [REIPlugin START] Reloading Section: "end-reload/FluidSupportProviderImpl/"
[15:57:45] [main/TRACE] [REI] [REIPlugin START] Reloading Section: "end-reload/FluidSupportProviderImpl/" done in 128.9 μs
[15:57:45] [main/TRACE] [REI] [REIPlugin START] Reloading Section: "end-reload/" done in 2.656 ms
[15:57:45] [main/DEBUG] [REI] ========================================
[15:57:45] [main/DEBUG] [REI] REIPlugin ended main-reload for START in 30.92 ms.
[15:57:45] [main/DEBUG] [REI] ========================================
[15:57:45] [main/INFO] [REI] ~~~~~~~~~~~~~~~~~~~~~~~~~~~~~~~~~~~~~~~~
[15:57:45] [main/INFO] [REI] REIServerPlugin starting main-reload for START.
[15:57:45] [main/DEBUG] [REI] Reloadables (2):
[15:57:45] [main/DEBUG] [REI]  - MenuInfoRegistryImpl
[15:57:45] [main/DEBUG] [REI]  - SlotAccessorRegistryImpl
[15:57:45] [main/INFO] [REI] Plugins (2):
[15:57:45] [main/INFO] [REI]  - (-100.00) DefaultPluginImpl of DefaultPluginImpl [roughlyenoughitems]
[15:57:45] [main/INFO] [REI]  - (0.00) DefaultRuntimePlugin of DefaultRuntimePlugin [roughlyenoughitems]
[15:57:45] [main/INFO] [REI] ~~~~~~~~~~~~~~~~~~~~~~~~~~~~~~~~~~~~~~~~
[15:57:45] [main/TRACE] [REI] [REIServerPlugin START] Reloading Section: "start-reload/"
[15:57:45] [main/TRACE] [REI] [REIServerPlugin START] Reloading Section: "start-reload/MenuInfoRegistryImpl/"
[15:57:45] [main/TRACE] [REI] [REIServerPlugin START] Reloading Section: "start-reload/MenuInfoRegistryImpl/" done in 128.8 μs
[15:57:45] [main/TRACE] [REI] [REIServerPlugin START] Reloading Section: "start-reload/SlotAccessorRegistryImpl/"
[15:57:45] [main/TRACE] [REI] [REIServerPlugin START] Reloading Section: "start-reload/SlotAccessorRegistryImpl/" done in 130.3 μs
[15:57:45] [main/TRACE] [REI] [REIServerPlugin START] Reloading Section: "start-reload/" done in 1.185 ms
[15:57:45] [main/DEBUG] [REI] ========================================
[15:57:45] [main/DEBUG] [REI] REIServerPlugin started main-reload for START.
[15:57:45] [main/DEBUG] [REI] ========================================
[15:57:45] [main/TRACE] [REI] [REIServerPlugin START] Reloading Section: "reloadable-plugin/MenuInfoRegistryImpl/"
[15:57:45] [main/TRACE] [REI] [REIServerPlugin START] Reloading Section: "reloadable-plugin/MenuInfoRegistryImpl/DefaultPluginImpl of DefaultPluginImpl [roughlyenoughitems]/"
[15:57:45] [main/TRACE] [REI] [REIServerPlugin START] Reloading Section: "reloadable-plugin/MenuInfoRegistryImpl/DefaultPluginImpl of DefaultPluginImpl [roughlyenoughitems]/" done in 128.6 μs
[15:57:45] [main/TRACE] [REI] [REIServerPlugin START] Reloading Section: "reloadable-plugin/MenuInfoRegistryImpl/DefaultRuntimePlugin of DefaultRuntimePlugin [roughlyenoughitems]/"
[15:57:45] [main/TRACE] [REI] [REIServerPlugin START] Reloading Section: "reloadable-plugin/MenuInfoRegistryImpl/DefaultRuntimePlugin of DefaultRuntimePlugin [roughlyenoughitems]/" done in 138.2 μs
[15:57:45] [main/TRACE] [REI] [REIServerPlugin START] Reloading Section: "reloadable-plugin/MenuInfoRegistryImpl/" done in 826.1 μs
[15:57:45] [main/TRACE] [REI] [REIServerPlugin START] Reloading Section: "reloadable-plugin/SlotAccessorRegistryImpl/"
[15:57:45] [main/TRACE] [REI] [REIServerPlugin START] Reloading Section: "reloadable-plugin/SlotAccessorRegistryImpl/DefaultPluginImpl of DefaultPluginImpl [roughlyenoughitems]/"
[15:57:45] [main/TRACE] [REI] [REIServerPlugin START] Reloading Section: "reloadable-plugin/SlotAccessorRegistryImpl/DefaultPluginImpl of DefaultPluginImpl [roughlyenoughitems]/" done in 2.465 ms
[15:57:45] [main/TRACE] [REI] [REIServerPlugin START] Reloading Section: "reloadable-plugin/SlotAccessorRegistryImpl/DefaultRuntimePlugin of DefaultRuntimePlugin [roughlyenoughitems]/"
[15:57:45] [main/TRACE] [REI] [REIServerPlugin START] Reloading Section: "reloadable-plugin/SlotAccessorRegistryImpl/DefaultRuntimePlugin of DefaultRuntimePlugin [roughlyenoughitems]/" done in 147.9 μs
[15:57:45] [main/TRACE] [REI] [REIServerPlugin START] Reloading Section: "reloadable-plugin/SlotAccessorRegistryImpl/" done in 3.245 ms
[15:57:45] [main/DEBUG] [REI] ========================================
[15:57:45] [main/DEBUG] [REI] REIServerPlugin ending main-reload for START.
[15:57:45] [main/DEBUG] [REI] ========================================
[15:57:45] [main/TRACE] [REI] [REIServerPlugin START] Reloading Section: "end-reload/"
[15:57:45] [main/TRACE] [REI] [REIServerPlugin START] Reloading Section: "end-reload/MenuInfoRegistryImpl/"
[15:57:45] [main/TRACE] [REI] [REIServerPlugin START] Reloading Section: "end-reload/MenuInfoRegistryImpl/" done in 383.9 μs
[15:57:45] [main/TRACE] [REI] [REIServerPlugin START] Reloading Section: "end-reload/SlotAccessorRegistryImpl/"
[15:57:45] [main/TRACE] [REI] [REIServerPlugin START] Reloading Section: "end-reload/SlotAccessorRegistryImpl/" done in 79.06 μs
[15:57:45] [main/TRACE] [REI] [REIServerPlugin START] Reloading Section: "end-reload/" done in 2.622 ms
[15:57:45] [main/DEBUG] [REI] ========================================
[15:57:45] [main/DEBUG] [REI] REIServerPlugin ended main-reload for START in 17.61 ms.
[15:57:45] [main/DEBUG] [REI] ========================================
[15:57:45] [main/DEBUG] [REI] ========================================
[15:57:45] [main/DEBUG] [REI] REIPlugin starting post-reload for START.
[15:57:45] [main/DEBUG] [REI] Reloadables (7):
[15:57:45] [main/DEBUG] [REI]  - EntryTypeRegistryImpl
[15:57:45] [main/DEBUG] [REI]  - EntrySettingsAdapterRegistryImpl
[15:57:45] [main/DEBUG] [REI]  - RecipeManagerContextImpl
[15:57:45] [main/DEBUG] [REI]  - ItemComparatorRegistryImpl
[15:57:45] [main/DEBUG] [REI]  - FluidComparatorRegistryImpl
[15:57:45] [main/DEBUG] [REI]  - DisplaySerializerRegistryImpl
[15:57:45] [main/DEBUG] [REI]  - FluidSupportProviderImpl
[15:57:45] [main/DEBUG] [REI] Plugins (2):
[15:57:45] [main/DEBUG] [REI]  - (-100.00) DefaultPluginImpl of DefaultPluginImpl [roughlyenoughitems]
[15:57:45] [main/DEBUG] [REI]  - (0.00) DefaultRuntimePlugin of DefaultRuntimePlugin [roughlyenoughitems]
[15:57:45] [main/DEBUG] [REI] ========================================
[15:57:45] [main/TRACE] [REI] [REIPlugin START] Reloading Section: "post-register/"
[15:57:45] [main/TRACE] [REI] [REIPlugin START] Reloading Section: "post-register/DefaultPluginImpl of DefaultPluginImpl [roughlyenoughitems]/"
[15:57:45] [main/TRACE] [REI] [REIPlugin START] Reloading Section: "post-register/DefaultPluginImpl of DefaultPluginImpl [roughlyenoughitems]/" done in 268.9 μs
[15:57:45] [main/TRACE] [REI] [REIPlugin START] Reloading Section: "post-register/DefaultRuntimePlugin of DefaultRuntimePlugin [roughlyenoughitems]/"
[15:57:45] [main/TRACE] [REI] [REIPlugin START] Reloading Section: "post-register/DefaultRuntimePlugin of DefaultRuntimePlugin [roughlyenoughitems]/" done in 63.41 μs
[15:57:45] [main/TRACE] [REI] [REIPlugin START] Reloading Section: "post-register/" done in 916.6 μs
[15:57:45] [main/TRACE] [REI] [REIPlugin START] Reloading Section: "post-stage/"
[15:57:45] [main/TRACE] [REI] [REIPlugin START] Reloading Section: "post-stage/EntryTypeRegistryImpl/"
[15:57:45] [main/TRACE] [REI] [REIPlugin START] Reloading Section: "post-stage/EntryTypeRegistryImpl/" done in 78.19 μs
[15:57:45] [main/TRACE] [REI] [REIPlugin START] Reloading Section: "post-stage/EntrySettingsAdapterRegistryImpl/"
[15:57:45] [main/TRACE] [REI] [REIPlugin START] Reloading Section: "post-stage/EntrySettingsAdapterRegistryImpl/" done in 77.06 μs
[15:57:45] [main/TRACE] [REI] [REIPlugin START] Reloading Section: "post-stage/RecipeManagerContextImpl/"
[15:57:45] [main/TRACE] [REI] [REIPlugin START] Reloading Section: "post-stage/RecipeManagerContextImpl/" done in 49.60 μs
[15:57:45] [main/TRACE] [REI] [REIPlugin START] Reloading Section: "post-stage/ItemComparatorRegistryImpl/"
[15:57:45] [main/TRACE] [REI] [REIPlugin START] Reloading Section: "post-stage/ItemComparatorRegistryImpl/" done in 61.55 μs
[15:57:45] [main/TRACE] [REI] [REIPlugin START] Reloading Section: "post-stage/FluidComparatorRegistryImpl/"
[15:57:45] [main/TRACE] [REI] [REIPlugin START] Reloading Section: "post-stage/FluidComparatorRegistryImpl/" done in 46.27 μs
[15:57:45] [main/TRACE] [REI] [REIPlugin START] Reloading Section: "post-stage/DisplaySerializerRegistryImpl/"
[15:57:45] [main/TRACE] [REI] [REIPlugin START] Reloading Section: "post-stage/DisplaySerializerRegistryImpl/" done in 59.54 μs
[15:57:45] [main/TRACE] [REI] [REIPlugin START] Reloading Section: "post-stage/FluidSupportProviderImpl/"
[15:57:45] [main/TRACE] [REI] [REIPlugin START] Reloading Section: "post-stage/FluidSupportProviderImpl/" done in 57.04 μs
[15:57:45] [main/TRACE] [REI] [REIPlugin START] Reloading Section: "post-stage/" done in 1.374 ms
[15:57:45] [main/DEBUG] [REI] ========================================
[15:57:45] [main/INFO] [REI] REIPlugin finished post-reload for START in 2.554 ms, totaling 58.95 ms.
[15:57:45] [main/DEBUG] [REI] ========================================
[15:57:45] [main/DEBUG] [REI] ========================================
[15:57:45] [main/DEBUG] [REI] REIServerPlugin starting post-reload for START.
[15:57:45] [main/DEBUG] [REI] Reloadables (2):
[15:57:45] [main/DEBUG] [REI]  - MenuInfoRegistryImpl
[15:57:45] [main/DEBUG] [REI]  - SlotAccessorRegistryImpl
[15:57:45] [main/DEBUG] [REI] Plugins (2):
[15:57:45] [main/DEBUG] [REI]  - (-100.00) DefaultPluginImpl of DefaultPluginImpl [roughlyenoughitems]
[15:57:45] [main/DEBUG] [REI]  - (0.00) DefaultRuntimePlugin of DefaultRuntimePlugin [roughlyenoughitems]
[15:57:45] [main/DEBUG] [REI] ========================================
[15:57:45] [main/TRACE] [REI] [REIServerPlugin START] Reloading Section: "post-register/"
[15:57:45] [main/TRACE] [REI] [REIServerPlugin START] Reloading Section: "post-register/DefaultPluginImpl of DefaultPluginImpl [roughlyenoughitems]/"
[15:57:45] [main/TRACE] [REI] [REIServerPlugin START] Reloading Section: "post-register/DefaultPluginImpl of DefaultPluginImpl [roughlyenoughitems]/" done in 54.03 μs
[15:57:45] [main/TRACE] [REI] [REIServerPlugin START] Reloading Section: "post-register/DefaultRuntimePlugin of DefaultRuntimePlugin [roughlyenoughitems]/"
[15:57:45] [main/TRACE] [REI] [REIServerPlugin START] Reloading Section: "post-register/DefaultRuntimePlugin of DefaultRuntimePlugin [roughlyenoughitems]/" done in 52.08 μs
[15:57:45] [main/TRACE] [REI] [REIServerPlugin START] Reloading Section: "post-register/" done in 414.4 μs
[15:57:45] [main/TRACE] [REI] [REIServerPlugin START] Reloading Section: "post-stage/"
[15:57:45] [main/TRACE] [REI] [REIServerPlugin START] Reloading Section: "post-stage/MenuInfoRegistryImpl/"
[15:57:45] [main/TRACE] [REI] [REIServerPlugin START] Reloading Section: "post-stage/MenuInfoRegistryImpl/" done in 50.26 μs
[15:57:45] [main/TRACE] [REI] [REIServerPlugin START] Reloading Section: "post-stage/SlotAccessorRegistryImpl/"
[15:57:45] [main/TRACE] [REI] [REIServerPlugin START] Reloading Section: "post-stage/SlotAccessorRegistryImpl/" done in 66.56 μs
[15:57:45] [main/TRACE] [REI] [REIServerPlugin START] Reloading Section: "post-stage/" done in 409.0 μs
[15:57:45] [main/DEBUG] [REI] ========================================
[15:57:45] [main/INFO] [REI] REIServerPlugin finished post-reload for START in 1.048 ms, totaling 24.83 ms.
[15:57:45] [main/DEBUG] [REI] ========================================
[15:57:45] [main/DEBUG] [REI] ========================================
[15:57:45] [main/DEBUG] [REI] REIPlugin starting pre-reload for END.
[15:57:45] [main/DEBUG] [REI] Reloadables (7):
[15:57:45] [main/DEBUG] [REI]  - EntryTypeRegistryImpl
[15:57:45] [main/DEBUG] [REI]  - EntrySettingsAdapterRegistryImpl
[15:57:45] [main/DEBUG] [REI]  - RecipeManagerContextImpl
[15:57:45] [main/DEBUG] [REI]  - ItemComparatorRegistryImpl
[15:57:45] [main/DEBUG] [REI]  - FluidComparatorRegistryImpl
[15:57:45] [main/DEBUG] [REI]  - DisplaySerializerRegistryImpl
[15:57:45] [main/DEBUG] [REI]  - FluidSupportProviderImpl
[15:57:45] [main/DEBUG] [REI] Plugins (2):
[15:57:45] [main/DEBUG] [REI]  - (-100.00) DefaultPluginImpl of DefaultPluginImpl [roughlyenoughitems]
[15:57:45] [main/DEBUG] [REI]  - (0.00) DefaultRuntimePlugin of DefaultRuntimePlugin [roughlyenoughitems]
[15:57:45] [main/DEBUG] [REI] ========================================
[15:57:45] [main/TRACE] [REI] [REIPlugin END] Reloading Section: "pre-register/"
[15:57:45] [main/TRACE] [REI] [REIPlugin END] Reloading Section: "pre-register/DefaultPluginImpl of DefaultPluginImpl [roughlyenoughitems]/"
[15:57:45] [main/TRACE] [REI] [REIPlugin END] Reloading Section: "pre-register/DefaultPluginImpl of DefaultPluginImpl [roughlyenoughitems]/" done in 58.98 μs
[15:57:45] [main/TRACE] [REI] [REIPlugin END] Reloading Section: "pre-register/DefaultRuntimePlugin of DefaultRuntimePlugin [roughlyenoughitems]/"
[15:57:45] [main/TRACE] [REI] [REIPlugin END] Reloading Section: "pre-register/DefaultRuntimePlugin of DefaultRuntimePlugin [roughlyenoughitems]/" done in 55.13 μs
[15:57:45] [main/TRACE] [REI] [REIPlugin END] Reloading Section: "pre-register/" done in 424.4 μs
[15:57:45] [main/TRACE] [REI] [REIPlugin END] Reloading Section: "pre-stage/"
[15:57:45] [main/TRACE] [REI] [REIPlugin END] Reloading Section: "pre-stage/EntryTypeRegistryImpl/"
[15:57:45] [main/TRACE] [REI] [REIPlugin END] Reloading Section: "pre-stage/EntryTypeRegistryImpl/" done in 48.77 μs
[15:57:45] [main/TRACE] [REI] [REIPlugin END] Reloading Section: "pre-stage/EntrySettingsAdapterRegistryImpl/"
[15:57:45] [main/TRACE] [REI] [REIPlugin END] Reloading Section: "pre-stage/EntrySettingsAdapterRegistryImpl/" done in 49.07 μs
[15:57:45] [main/TRACE] [REI] [REIPlugin END] Reloading Section: "pre-stage/RecipeManagerContextImpl/"
[15:57:45] [main/TRACE] [REI] [REIPlugin END] Reloading Section: "pre-stage/RecipeManagerContextImpl/" done in 55.27 μs
[15:57:45] [main/TRACE] [REI] [REIPlugin END] Reloading Section: "pre-stage/ItemComparatorRegistryImpl/"
[15:57:45] [main/TRACE] [REI] [REIPlugin END] Reloading Section: "pre-stage/ItemComparatorRegistryImpl/" done in 50.67 μs
[15:57:45] [main/TRACE] [REI] [REIPlugin END] Reloading Section: "pre-stage/FluidComparatorRegistryImpl/"
[15:57:45] [main/TRACE] [REI] [REIPlugin END] Reloading Section: "pre-stage/FluidComparatorRegistryImpl/" done in 64.54 μs
[15:57:45] [main/TRACE] [REI] [REIPlugin END] Reloading Section: "pre-stage/DisplaySerializerRegistryImpl/"
[15:57:45] [main/TRACE] [REI] [REIPlugin END] Reloading Section: "pre-stage/DisplaySerializerRegistryImpl/" done in 45.91 μs
[15:57:45] [main/TRACE] [REI] [REIPlugin END] Reloading Section: "pre-stage/FluidSupportProviderImpl/"
[15:57:45] [main/TRACE] [REI] [REIPlugin END] Reloading Section: "pre-stage/FluidSupportProviderImpl/" done in 56.38 μs
[15:57:45] [main/TRACE] [REI] [REIPlugin END] Reloading Section: "pre-stage/" done in 1.708 ms
[15:57:45] [main/DEBUG] [REI] ========================================
[15:57:45] [main/DEBUG] [REI] REIPlugin finished pre-reload for END in 2.519 ms.
[15:57:45] [main/DEBUG] [REI] ========================================
[15:57:45] [main/DEBUG] [REI] ========================================
[15:57:45] [main/DEBUG] [REI] REIServerPlugin starting pre-reload for END.
[15:57:45] [main/DEBUG] [REI] Reloadables (2):
[15:57:45] [main/DEBUG] [REI]  - MenuInfoRegistryImpl
[15:57:45] [main/DEBUG] [REI]  - SlotAccessorRegistryImpl
[15:57:45] [main/DEBUG] [REI] Plugins (2):
[15:57:45] [main/DEBUG] [REI]  - (-100.00) DefaultPluginImpl of DefaultPluginImpl [roughlyenoughitems]
[15:57:45] [main/DEBUG] [REI]  - (0.00) DefaultRuntimePlugin of DefaultRuntimePlugin [roughlyenoughitems]
[15:57:45] [main/DEBUG] [REI] ========================================
[15:57:45] [main/TRACE] [REI] [REIServerPlugin END] Reloading Section: "pre-register/"
[15:57:45] [main/TRACE] [REI] [REIServerPlugin END] Reloading Section: "pre-register/DefaultPluginImpl of DefaultPluginImpl [roughlyenoughitems]/"
[15:57:45] [main/TRACE] [REI] [REIServerPlugin END] Reloading Section: "pre-register/DefaultPluginImpl of DefaultPluginImpl [roughlyenoughitems]/" done in 52.15 μs
[15:57:45] [main/TRACE] [REI] [REIServerPlugin END] Reloading Section: "pre-register/DefaultRuntimePlugin of DefaultRuntimePlugin [roughlyenoughitems]/"
[15:57:45] [main/TRACE] [REI] [REIServerPlugin END] Reloading Section: "pre-register/DefaultRuntimePlugin of DefaultRuntimePlugin [roughlyenoughitems]/" done in 55.38 μs
[15:57:45] [main/TRACE] [REI] [REIServerPlugin END] Reloading Section: "pre-register/" done in 406.5 μs
[15:57:45] [main/TRACE] [REI] [REIServerPlugin END] Reloading Section: "pre-stage/"
[15:57:45] [main/TRACE] [REI] [REIServerPlugin END] Reloading Section: "pre-stage/MenuInfoRegistryImpl/"
[15:57:45] [main/TRACE] [REI] [REIServerPlugin END] Reloading Section: "pre-stage/MenuInfoRegistryImpl/" done in 53.79 μs
[15:57:45] [main/TRACE] [REI] [REIServerPlugin END] Reloading Section: "pre-stage/SlotAccessorRegistryImpl/"
[15:57:45] [main/TRACE] [REI] [REIServerPlugin END] Reloading Section: "pre-stage/SlotAccessorRegistryImpl/" done in 91.69 μs
[15:57:45] [main/TRACE] [REI] [REIServerPlugin END] Reloading Section: "pre-stage/" done in 522.7 μs
[15:57:45] [main/DEBUG] [REI] ========================================
[15:57:45] [main/DEBUG] [REI] REIServerPlugin finished pre-reload for END in 1.167 ms.
[15:57:45] [main/DEBUG] [REI] ========================================
[15:57:45] [main/INFO] [REI] ++++++++++++++++++++++++++++++++++++++++
[15:57:45] [main/INFO] [REI] REIPlugin starting main-reload for END.
[15:57:45] [main/DEBUG] [REI] Reloadables (7):
[15:57:45] [main/DEBUG] [REI]  - EntryTypeRegistryImpl
[15:57:45] [main/DEBUG] [REI]  - EntrySettingsAdapterRegistryImpl
[15:57:45] [main/DEBUG] [REI]  - RecipeManagerContextImpl
[15:57:45] [main/DEBUG] [REI]  - ItemComparatorRegistryImpl
[15:57:45] [main/DEBUG] [REI]  - FluidComparatorRegistryImpl
[15:57:45] [main/DEBUG] [REI]  - DisplaySerializerRegistryImpl
[15:57:45] [main/DEBUG] [REI]  - FluidSupportProviderImpl
[15:57:45] [main/INFO] [REI] Plugins (2):
[15:57:45] [main/INFO] [REI]  - (-100.00) DefaultPluginImpl of DefaultPluginImpl [roughlyenoughitems]
[15:57:45] [main/INFO] [REI]  - (0.00) DefaultRuntimePlugin of DefaultRuntimePlugin [roughlyenoughitems]
[15:57:45] [main/INFO] [REI] ++++++++++++++++++++++++++++++++++++++++
[15:57:45] [main/TRACE] [REI] [REIPlugin END] Reloading Section: "start-reload/"
[15:57:45] [main/TRACE] [REI] [REIPlugin END] Reloading Section: "start-reload/EntryTypeRegistryImpl/"
[15:57:45] [main/TRACE] [REI] [REIPlugin END] Reloading Section: "start-reload/EntryTypeRegistryImpl/" done in 54.45 μs
[15:57:45] [main/TRACE] [REI] [REIPlugin END] Reloading Section: "start-reload/EntrySettingsAdapterRegistryImpl/"
[15:57:45] [main/TRACE] [REI] [REIPlugin END] Reloading Section: "start-reload/EntrySettingsAdapterRegistryImpl/" done in 68.33 μs
[15:57:45] [main/TRACE] [REI] [REIPlugin END] Reloading Section: "start-reload/RecipeManagerContextImpl/"
[15:57:45] [main/TRACE] [REI] [REIPlugin END] Reloading Section: "start-reload/RecipeManagerContextImpl/" done in 71.08 μs
[15:57:45] [main/TRACE] [REI] [REIPlugin END] Reloading Section: "start-reload/ItemComparatorRegistryImpl/"
[15:57:45] [main/TRACE] [REI] [REIPlugin END] Reloading Section: "start-reload/ItemComparatorRegistryImpl/" done in 59.43 μs
[15:57:45] [main/TRACE] [REI] [REIPlugin END] Reloading Section: "start-reload/FluidComparatorRegistryImpl/"
[15:57:45] [main/TRACE] [REI] [REIPlugin END] Reloading Section: "start-reload/FluidComparatorRegistryImpl/" done in 63.72 μs
[15:57:45] [main/TRACE] [REI] [REIPlugin END] Reloading Section: "start-reload/DisplaySerializerRegistryImpl/"
[15:57:45] [main/TRACE] [REI] [REIPlugin END] Reloading Section: "start-reload/DisplaySerializerRegistryImpl/" done in 67.07 μs
[15:57:45] [main/TRACE] [REI] [REIPlugin END] Reloading Section: "start-reload/FluidSupportProviderImpl/"
[15:57:45] [main/TRACE] [REI] [REIPlugin END] Reloading Section: "start-reload/FluidSupportProviderImpl/" done in 57.51 μs
[15:57:45] [main/TRACE] [REI] [REIPlugin END] Reloading Section: "start-reload/" done in 1.403 ms
[15:57:45] [main/DEBUG] [REI] ========================================
[15:57:45] [main/DEBUG] [REI] REIPlugin started main-reload for END.
[15:57:45] [main/DEBUG] [REI] ========================================
[15:57:45] [main/TRACE] [REI] [REIPlugin END] Reloading Section: "reloadable-plugin/EntryTypeRegistryImpl/"
[15:57:45] [main/TRACE] [REI] [REIPlugin END] Reloading Section: "reloadable-plugin/EntryTypeRegistryImpl/DefaultPluginImpl of DefaultPluginImpl [roughlyenoughitems]/"
[15:57:45] [main/TRACE] [REI] [REIPlugin END] Reloading Section: "reloadable-plugin/EntryTypeRegistryImpl/DefaultPluginImpl of DefaultPluginImpl [roughlyenoughitems]/" done in 72.74 μs
[15:57:45] [main/TRACE] [REI] [REIPlugin END] Reloading Section: "reloadable-plugin/EntryTypeRegistryImpl/DefaultRuntimePlugin of DefaultRuntimePlugin [roughlyenoughitems]/"
[15:57:45] [main/TRACE] [REI] [REIPlugin END] Reloading Section: "reloadable-plugin/EntryTypeRegistryImpl/DefaultRuntimePlugin of DefaultRuntimePlugin [roughlyenoughitems]/" done in 112.0 μs
[15:57:45] [main/TRACE] [REI] [REIPlugin END] Reloading Section: "reloadable-plugin/EntryTypeRegistryImpl/" done in 553.9 μs
[15:57:45] [main/TRACE] [REI] [REIPlugin END] Reloading Section: "reloadable-plugin/EntrySettingsAdapterRegistryImpl/"
[15:57:45] [main/TRACE] [REI] [REIPlugin END] Reloading Section: "reloadable-plugin/EntrySettingsAdapterRegistryImpl/DefaultPluginImpl of DefaultPluginImpl [roughlyenoughitems]/"
[15:57:45] [main/TRACE] [REI] [REIPlugin END] Reloading Section: "reloadable-plugin/EntrySettingsAdapterRegistryImpl/DefaultPluginImpl of DefaultPluginImpl [roughlyenoughitems]/" done in 95.47 μs
[15:57:45] [main/TRACE] [REI] [REIPlugin END] Reloading Section: "reloadable-plugin/EntrySettingsAdapterRegistryImpl/DefaultRuntimePlugin of DefaultRuntimePlugin [roughlyenoughitems]/"
[15:57:45] [main/TRACE] [REI] [REIPlugin END] Reloading Section: "reloadable-plugin/EntrySettingsAdapterRegistryImpl/DefaultRuntimePlugin of DefaultRuntimePlugin [roughlyenoughitems]/" done in 75.50 μs
[15:57:45] [main/TRACE] [REI] [REIPlugin END] Reloading Section: "reloadable-plugin/EntrySettingsAdapterRegistryImpl/" done in 570.1 μs
[15:57:45] [main/TRACE] [REI] [REIPlugin END] Reloading Section: "reloadable-plugin/RecipeManagerContextImpl/"
[15:57:45] [main/TRACE] [REI] [REIPlugin END] Reloading Section: "reloadable-plugin/RecipeManagerContextImpl/DefaultPluginImpl of DefaultPluginImpl [roughlyenoughitems]/"
[15:57:45] [main/TRACE] [REI] [REIPlugin END] Reloading Section: "reloadable-plugin/RecipeManagerContextImpl/DefaultPluginImpl of DefaultPluginImpl [roughlyenoughitems]/" done in 63.19 μs
[15:57:45] [main/TRACE] [REI] [REIPlugin END] Reloading Section: "reloadable-plugin/RecipeManagerContextImpl/DefaultRuntimePlugin of DefaultRuntimePlugin [roughlyenoughitems]/"
[15:57:45] [main/TRACE] [REI] [REIPlugin END] Reloading Section: "reloadable-plugin/RecipeManagerContextImpl/DefaultRuntimePlugin of DefaultRuntimePlugin [roughlyenoughitems]/" done in 84.82 μs
[15:57:45] [main/TRACE] [REI] [REIPlugin END] Reloading Section: "reloadable-plugin/RecipeManagerContextImpl/" done in 511.0 μs
[15:57:45] [main/TRACE] [REI] [REIPlugin END] Reloading Section: "reloadable-plugin/ItemComparatorRegistryImpl/"
[15:57:45] [main/TRACE] [REI] [REIPlugin END] Reloading Section: "reloadable-plugin/ItemComparatorRegistryImpl/DefaultPluginImpl of DefaultPluginImpl [roughlyenoughitems]/"
[15:57:45] [main/TRACE] [REI] [REIPlugin END] Reloading Section: "reloadable-plugin/ItemComparatorRegistryImpl/DefaultPluginImpl of DefaultPluginImpl [roughlyenoughitems]/" done in 73.13 μs
[15:57:45] [main/TRACE] [REI] [REIPlugin END] Reloading Section: "reloadable-plugin/ItemComparatorRegistryImpl/DefaultRuntimePlugin of DefaultRuntimePlugin [roughlyenoughitems]/"
[15:57:45] [main/TRACE] [REI] [REIPlugin END] Reloading Section: "reloadable-plugin/ItemComparatorRegistryImpl/DefaultRuntimePlugin of DefaultRuntimePlugin [roughlyenoughitems]/" done in 68.71 μs
[15:57:45] [main/TRACE] [REI] [REIPlugin END] Reloading Section: "reloadable-plugin/ItemComparatorRegistryImpl/" done in 485.5 μs
[15:57:45] [main/TRACE] [REI] [REIPlugin END] Reloading Section: "reloadable-plugin/FluidComparatorRegistryImpl/"
[15:57:45] [main/TRACE] [REI] [REIPlugin END] Reloading Section: "reloadable-plugin/FluidComparatorRegistryImpl/DefaultPluginImpl of DefaultPluginImpl [roughlyenoughitems]/"
[15:57:45] [main/TRACE] [REI] [REIPlugin END] Reloading Section: "reloadable-plugin/FluidComparatorRegistryImpl/DefaultPluginImpl of DefaultPluginImpl [roughlyenoughitems]/" done in 62.37 μs
[15:57:45] [main/TRACE] [REI] [REIPlugin END] Reloading Section: "reloadable-plugin/FluidComparatorRegistryImpl/DefaultRuntimePlugin of DefaultRuntimePlugin [roughlyenoughitems]/"
[15:57:45] [main/TRACE] [REI] [REIPlugin END] Reloading Section: "reloadable-plugin/FluidComparatorRegistryImpl/DefaultRuntimePlugin of DefaultRuntimePlugin [roughlyenoughitems]/" done in 73.23 μs
[15:57:45] [main/TRACE] [REI] [REIPlugin END] Reloading Section: "reloadable-plugin/FluidComparatorRegistryImpl/" done in 497.1 μs
[15:57:45] [main/TRACE] [REI] [REIPlugin END] Reloading Section: "reloadable-plugin/DisplaySerializerRegistryImpl/"
[15:57:45] [main/TRACE] [REI] [REIPlugin END] Reloading Section: "reloadable-plugin/DisplaySerializerRegistryImpl/DefaultPluginImpl of DefaultPluginImpl [roughlyenoughitems]/"
[15:57:46] [main/TRACE] [REI] [REIPlugin END] Reloading Section: "reloadable-plugin/DisplaySerializerRegistryImpl/DefaultPluginImpl of DefaultPluginImpl [roughlyenoughitems]/" done in 25.70 ms
[15:57:46] [main/TRACE] [REI] [REIPlugin END] Reloading Section: "reloadable-plugin/DisplaySerializerRegistryImpl/DefaultRuntimePlugin of DefaultRuntimePlugin [roughlyenoughitems]/"
[15:57:46] [main/TRACE] [REI] [REIPlugin END] Reloading Section: "reloadable-plugin/DisplaySerializerRegistryImpl/DefaultRuntimePlugin of DefaultRuntimePlugin [roughlyenoughitems]/" done in 144.7 μs
[15:57:46] [main/TRACE] [REI] [REIPlugin END] Reloading Section: "reloadable-plugin/DisplaySerializerRegistryImpl/" done in 26.59 ms
[15:57:46] [main/TRACE] [REI] [REIPlugin END] Reloading Section: "reloadable-plugin/FluidSupportProviderImpl/"
[15:57:46] [main/TRACE] [REI] [REIPlugin END] Reloading Section: "reloadable-plugin/FluidSupportProviderImpl/DefaultPluginImpl of DefaultPluginImpl [roughlyenoughitems]/"
[15:57:46] [main/TRACE] [REI] [REIPlugin END] Reloading Section: "reloadable-plugin/FluidSupportProviderImpl/DefaultPluginImpl of DefaultPluginImpl [roughlyenoughitems]/" done in 134.4 μs
[15:57:46] [main/TRACE] [REI] [REIPlugin END] Reloading Section: "reloadable-plugin/FluidSupportProviderImpl/DefaultRuntimePlugin of DefaultRuntimePlugin [roughlyenoughitems]/"
[15:57:46] [main/TRACE] [REI] [REIPlugin END] Reloading Section: "reloadable-plugin/FluidSupportProviderImpl/DefaultRuntimePlugin of DefaultRuntimePlugin [roughlyenoughitems]/" done in 151.4 μs
[15:57:46] [main/TRACE] [REI] [REIPlugin END] Reloading Section: "reloadable-plugin/FluidSupportProviderImpl/" done in 1.077 ms
[15:57:46] [main/DEBUG] [REI] ========================================
[15:57:46] [main/DEBUG] [REI] REIPlugin ending main-reload for END.
[15:57:46] [main/DEBUG] [REI] ========================================
[15:57:46] [main/TRACE] [REI] [REIPlugin END] Reloading Section: "end-reload/"
[15:57:46] [main/TRACE] [REI] [REIPlugin END] Reloading Section: "end-reload/EntryTypeRegistryImpl/"
[15:57:46] [main/TRACE] [REI] [REIPlugin END] Reloading Section: "end-reload/EntryTypeRegistryImpl/" done in 47.24 μs
[15:57:46] [main/TRACE] [REI] [REIPlugin END] Reloading Section: "end-reload/EntrySettingsAdapterRegistryImpl/"
[15:57:46] [main/TRACE] [REI] [REIPlugin END] Reloading Section: "end-reload/EntrySettingsAdapterRegistryImpl/" done in 44.87 μs
[15:57:46] [main/TRACE] [REI] [REIPlugin END] Reloading Section: "end-reload/RecipeManagerContextImpl/"
[15:57:46] [main/TRACE] [REI] [REIPlugin END] Reloading Section: "end-reload/RecipeManagerContextImpl/" done in 42.86 μs
[15:57:46] [main/TRACE] [REI] [REIPlugin END] Reloading Section: "end-reload/ItemComparatorRegistryImpl/"
[15:57:46] [main/TRACE] [REI] [REIPlugin END] Reloading Section: "end-reload/ItemComparatorRegistryImpl/" done in 41.87 μs
[15:57:46] [main/TRACE] [REI] [REIPlugin END] Reloading Section: "end-reload/FluidComparatorRegistryImpl/"
[15:57:46] [main/TRACE] [REI] [REIPlugin END] Reloading Section: "end-reload/FluidComparatorRegistryImpl/" done in 68.81 μs
[15:57:46] [main/TRACE] [REI] [REIPlugin END] Reloading Section: "end-reload/DisplaySerializerRegistryImpl/"
[15:57:46] [main/TRACE] [REI] [REIPlugin END] Reloading Section: "end-reload/DisplaySerializerRegistryImpl/" done in 98.78 μs
[15:57:46] [main/TRACE] [REI] [REIPlugin END] Reloading Section: "end-reload/FluidSupportProviderImpl/"
[15:57:46] [main/TRACE] [REI] [REIPlugin END] Reloading Section: "end-reload/FluidSupportProviderImpl/" done in 104.4 μs
[15:57:46] [main/TRACE] [REI] [REIPlugin END] Reloading Section: "end-reload/" done in 1.940 ms
[15:57:46] [main/DEBUG] [REI] ========================================
[15:57:46] [main/DEBUG] [REI] REIPlugin ended main-reload for END in 38.11 ms.
[15:57:46] [main/DEBUG] [REI] ========================================
[15:57:46] [main/INFO] [REI] ++++++++++++++++++++++++++++++++++++++++
[15:57:46] [main/INFO] [REI] REIServerPlugin starting main-reload for END.
[15:57:46] [main/DEBUG] [REI] Reloadables (2):
[15:57:46] [main/DEBUG] [REI]  - MenuInfoRegistryImpl
[15:57:46] [main/DEBUG] [REI]  - SlotAccessorRegistryImpl
[15:57:46] [main/INFO] [REI] Plugins (2):
[15:57:46] [main/INFO] [REI]  - (-100.00) DefaultPluginImpl of DefaultPluginImpl [roughlyenoughitems]
[15:57:46] [main/INFO] [REI]  - (0.00) DefaultRuntimePlugin of DefaultRuntimePlugin [roughlyenoughitems]
[15:57:46] [main/INFO] [REI] ++++++++++++++++++++++++++++++++++++++++
[15:57:46] [main/TRACE] [REI] [REIServerPlugin END] Reloading Section: "start-reload/"
[15:57:46] [main/TRACE] [REI] [REIServerPlugin END] Reloading Section: "start-reload/MenuInfoRegistryImpl/"
[15:57:46] [main/TRACE] [REI] [REIServerPlugin END] Reloading Section: "start-reload/MenuInfoRegistryImpl/" done in 108.7 μs
[15:57:46] [main/TRACE] [REI] [REIServerPlugin END] Reloading Section: "start-reload/SlotAccessorRegistryImpl/"
[15:57:46] [main/TRACE] [REI] [REIServerPlugin END] Reloading Section: "start-reload/SlotAccessorRegistryImpl/" done in 62.66 μs
[15:57:46] [main/TRACE] [REI] [REIServerPlugin END] Reloading Section: "start-reload/" done in 571.9 μs
[15:57:46] [main/DEBUG] [REI] ========================================
[15:57:46] [main/DEBUG] [REI] REIServerPlugin started main-reload for END.
[15:57:46] [main/DEBUG] [REI] ========================================
[15:57:46] [main/TRACE] [REI] [REIServerPlugin END] Reloading Section: "reloadable-plugin/MenuInfoRegistryImpl/"
[15:57:46] [main/TRACE] [REI] [REIServerPlugin END] Reloading Section: "reloadable-plugin/MenuInfoRegistryImpl/DefaultPluginImpl of DefaultPluginImpl [roughlyenoughitems]/"
[15:57:46] [main/TRACE] [REI] [REIServerPlugin END] Reloading Section: "reloadable-plugin/MenuInfoRegistryImpl/DefaultPluginImpl of DefaultPluginImpl [roughlyenoughitems]/" done in 172.4 μs
[15:57:46] [main/TRACE] [REI] [REIServerPlugin END] Reloading Section: "reloadable-plugin/MenuInfoRegistryImpl/DefaultRuntimePlugin of DefaultRuntimePlugin [roughlyenoughitems]/"
[15:57:46] [main/TRACE] [REI] [REIServerPlugin END] Reloading Section: "reloadable-plugin/MenuInfoRegistryImpl/DefaultRuntimePlugin of DefaultRuntimePlugin [roughlyenoughitems]/" done in 185.3 μs
[15:57:46] [main/TRACE] [REI] [REIServerPlugin END] Reloading Section: "reloadable-plugin/MenuInfoRegistryImpl/" done in 868.7 μs
[15:57:46] [main/TRACE] [REI] [REIServerPlugin END] Reloading Section: "reloadable-plugin/SlotAccessorRegistryImpl/"
[15:57:46] [main/TRACE] [REI] [REIServerPlugin END] Reloading Section: "reloadable-plugin/SlotAccessorRegistryImpl/DefaultPluginImpl of DefaultPluginImpl [roughlyenoughitems]/"
[15:57:46] [main/TRACE] [REI] [REIServerPlugin END] Reloading Section: "reloadable-plugin/SlotAccessorRegistryImpl/DefaultPluginImpl of DefaultPluginImpl [roughlyenoughitems]/" done in 74.42 μs
[15:57:46] [main/TRACE] [REI] [REIServerPlugin END] Reloading Section: "reloadable-plugin/SlotAccessorRegistryImpl/DefaultRuntimePlugin of DefaultRuntimePlugin [roughlyenoughitems]/"
[15:57:46] [main/DEBUG] [REI] Added slot accessor serializer: me.shedaniel.rei.plugin.common.runtime.DefaultRuntimePlugin$1@a136827 [roughlyenoughitems:vanilla]
[15:57:46] [main/DEBUG] [REI] Added slot accessor serializer: me.shedaniel.rei.plugin.common.runtime.DefaultRuntimePlugin$2@38256ebd [roughlyenoughitems:player]
[15:57:46] [main/TRACE] [REI] [REIServerPlugin END] Reloading Section: "reloadable-plugin/SlotAccessorRegistryImpl/DefaultRuntimePlugin of DefaultRuntimePlugin [roughlyenoughitems]/" done in 2.794 ms
[15:57:46] [main/TRACE] [REI] [REIServerPlugin END] Reloading Section: "reloadable-plugin/SlotAccessorRegistryImpl/" done in 3.261 ms
[15:57:46] [main/DEBUG] [REI] ========================================
[15:57:46] [main/DEBUG] [REI] REIServerPlugin ending main-reload for END.
[15:57:46] [main/DEBUG] [REI] ========================================
[15:57:46] [main/TRACE] [REI] [REIServerPlugin END] Reloading Section: "end-reload/"
[15:57:46] [main/TRACE] [REI] [REIServerPlugin END] Reloading Section: "end-reload/MenuInfoRegistryImpl/"
[15:57:46] [main/DEBUG] [REI] Registered 0 menu infos
[15:57:46] [main/TRACE] [REI] [REIServerPlugin END] Reloading Section: "end-reload/MenuInfoRegistryImpl/" done in 230.3 μs
[15:57:46] [main/TRACE] [REI] [REIServerPlugin END] Reloading Section: "end-reload/SlotAccessorRegistryImpl/"
[15:57:46] [main/DEBUG] [REI] Registered 2 slot accessor serializers
[15:57:46] [main/TRACE] [REI] [REIServerPlugin END] Reloading Section: "end-reload/SlotAccessorRegistryImpl/" done in 242.3 μs
[15:57:46] [main/TRACE] [REI] [REIServerPlugin END] Reloading Section: "end-reload/" done in 889.2 μs
[15:57:46] [main/DEBUG] [REI] ========================================
[15:57:46] [main/DEBUG] [REI] REIServerPlugin ended main-reload for END in 9.535 ms.
[15:57:46] [main/DEBUG] [REI] ========================================
[15:57:46] [main/DEBUG] [REI] ========================================
[15:57:46] [main/DEBUG] [REI] REIPlugin starting post-reload for END.
[15:57:46] [main/DEBUG] [REI] Reloadables (7):
[15:57:46] [main/DEBUG] [REI]  - EntryTypeRegistryImpl
[15:57:46] [main/DEBUG] [REI]  - EntrySettingsAdapterRegistryImpl
[15:57:46] [main/DEBUG] [REI]  - RecipeManagerContextImpl
[15:57:46] [main/DEBUG] [REI]  - ItemComparatorRegistryImpl
[15:57:46] [main/DEBUG] [REI]  - FluidComparatorRegistryImpl
[15:57:46] [main/DEBUG] [REI]  - DisplaySerializerRegistryImpl
[15:57:46] [main/DEBUG] [REI]  - FluidSupportProviderImpl
[15:57:46] [main/DEBUG] [REI] Plugins (2):
[15:57:46] [main/DEBUG] [REI]  - (-100.00) DefaultPluginImpl of DefaultPluginImpl [roughlyenoughitems]
[15:57:46] [main/DEBUG] [REI]  - (0.00) DefaultRuntimePlugin of DefaultRuntimePlugin [roughlyenoughitems]
[15:57:46] [main/DEBUG] [REI] ========================================
[15:57:46] [main/TRACE] [REI] [REIPlugin END] Reloading Section: "post-register/"
[15:57:46] [main/TRACE] [REI] [REIPlugin END] Reloading Section: "post-register/DefaultPluginImpl of DefaultPluginImpl [roughlyenoughitems]/"
[15:57:46] [main/TRACE] [REI] [REIPlugin END] Reloading Section: "post-register/DefaultPluginImpl of DefaultPluginImpl [roughlyenoughitems]/" done in 96.75 μs
[15:57:46] [main/TRACE] [REI] [REIPlugin END] Reloading Section: "post-register/DefaultRuntimePlugin of DefaultRuntimePlugin [roughlyenoughitems]/"
[15:57:46] [main/TRACE] [REI] [REIPlugin END] Reloading Section: "post-register/DefaultRuntimePlugin of DefaultRuntimePlugin [roughlyenoughitems]/" done in 430.3 μs
[15:57:46] [main/TRACE] [REI] [REIPlugin END] Reloading Section: "post-register/" done in 1.059 ms
[15:57:46] [main/TRACE] [REI] [REIPlugin END] Reloading Section: "post-stage/"
[15:57:46] [main/TRACE] [REI] [REIPlugin END] Reloading Section: "post-stage/EntryTypeRegistryImpl/"
[15:57:46] [main/TRACE] [REI] [REIPlugin END] Reloading Section: "post-stage/EntryTypeRegistryImpl/" done in 72.95 μs
[15:57:46] [main/TRACE] [REI] [REIPlugin END] Reloading Section: "post-stage/EntrySettingsAdapterRegistryImpl/"
[15:57:46] [main/TRACE] [REI] [REIPlugin END] Reloading Section: "post-stage/EntrySettingsAdapterRegistryImpl/" done in 199.4 μs
[15:57:46] [main/TRACE] [REI] [REIPlugin END] Reloading Section: "post-stage/RecipeManagerContextImpl/"
[15:57:46] [main/TRACE] [REI] [REIPlugin END] Reloading Section: "post-stage/RecipeManagerContextImpl/" done in 165.0 μs
[15:57:46] [main/TRACE] [REI] [REIPlugin END] Reloading Section: "post-stage/ItemComparatorRegistryImpl/"
[15:57:46] [main/TRACE] [REI] [REIPlugin END] Reloading Section: "post-stage/ItemComparatorRegistryImpl/" done in 189.6 μs
[15:57:46] [main/TRACE] [REI] [REIPlugin END] Reloading Section: "post-stage/FluidComparatorRegistryImpl/"
[15:57:46] [main/TRACE] [REI] [REIPlugin END] Reloading Section: "post-stage/FluidComparatorRegistryImpl/" done in 200.0 μs
[15:57:46] [main/TRACE] [REI] [REIPlugin END] Reloading Section: "post-stage/DisplaySerializerRegistryImpl/"
[15:57:46] [main/TRACE] [REI] [REIPlugin END] Reloading Section: "post-stage/DisplaySerializerRegistryImpl/" done in 192.4 μs
[15:57:46] [main/TRACE] [REI] [REIPlugin END] Reloading Section: "post-stage/FluidSupportProviderImpl/"
[15:57:46] [main/TRACE] [REI] [REIPlugin END] Reloading Section: "post-stage/FluidSupportProviderImpl/" done in 168.9 μs
[15:57:46] [main/TRACE] [REI] [REIPlugin END] Reloading Section: "post-stage/" done in 5.065 ms
[15:57:46] [main/DEBUG] [REI] ========================================
[15:57:46] [main/INFO] [REI] REIPlugin finished post-reload for END in 6.794 ms, totaling 47.21 ms.
[15:57:46] [main/DEBUG] [REI] ========================================
[15:57:46] [main/DEBUG] [REI] ========================================
[15:57:46] [main/DEBUG] [REI] REIServerPlugin starting post-reload for END.
[15:57:46] [main/DEBUG] [REI] Reloadables (2):
[15:57:46] [main/DEBUG] [REI]  - MenuInfoRegistryImpl
[15:57:46] [main/DEBUG] [REI]  - SlotAccessorRegistryImpl
[15:57:46] [main/DEBUG] [REI] Plugins (2):
[15:57:46] [main/DEBUG] [REI]  - (-100.00) DefaultPluginImpl of DefaultPluginImpl [roughlyenoughitems]
[15:57:46] [main/DEBUG] [REI]  - (0.00) DefaultRuntimePlugin of DefaultRuntimePlugin [roughlyenoughitems]
[15:57:46] [main/DEBUG] [REI] ========================================
[15:57:46] [main/TRACE] [REI] [REIServerPlugin END] Reloading Section: "post-register/"
[15:57:46] [main/TRACE] [REI] [REIServerPlugin END] Reloading Section: "post-register/DefaultPluginImpl of DefaultPluginImpl [roughlyenoughitems]/"
[15:57:46] [main/TRACE] [REI] [REIServerPlugin END] Reloading Section: "post-register/DefaultPluginImpl of DefaultPluginImpl [roughlyenoughitems]/" done in 52.92 μs
[15:57:46] [main/TRACE] [REI] [REIServerPlugin END] Reloading Section: "post-register/DefaultRuntimePlugin of DefaultRuntimePlugin [roughlyenoughitems]/"
[15:57:46] [main/TRACE] [REI] [REIServerPlugin END] Reloading Section: "post-register/DefaultRuntimePlugin of DefaultRuntimePlugin [roughlyenoughitems]/" done in 49.14 μs
[15:57:46] [main/TRACE] [REI] [REIServerPlugin END] Reloading Section: "post-register/" done in 375.3 μs
[15:57:46] [main/TRACE] [REI] [REIServerPlugin END] Reloading Section: "post-stage/"
[15:57:46] [main/TRACE] [REI] [REIServerPlugin END] Reloading Section: "post-stage/MenuInfoRegistryImpl/"
[15:57:46] [main/TRACE] [REI] [REIServerPlugin END] Reloading Section: "post-stage/MenuInfoRegistryImpl/" done in 45.79 μs
[15:57:46] [main/TRACE] [REI] [REIServerPlugin END] Reloading Section: "post-stage/SlotAccessorRegistryImpl/"
[15:57:46] [main/TRACE] [REI] [REIServerPlugin END] Reloading Section: "post-stage/SlotAccessorRegistryImpl/" done in 44.35 μs
[15:57:46] [main/TRACE] [REI] [REIServerPlugin END] Reloading Section: "post-stage/" done in 321.3 μs
[15:57:46] [main/DEBUG] [REI] ========================================
[15:57:46] [main/INFO] [REI] REIServerPlugin finished post-reload for END in 890.8 μs, totaling 11.30 ms.
[15:57:46] [main/DEBUG] [REI] ========================================
